This file contains any messages produced by compilers while
running configure, to aid debugging if configure makes a mistake.

It was created by SQUID configure 1.9g, which was
generated by GNU Autoconf 2.57.  Invocation command line was

  $ ./configure --prefix=/usr/local --cache-file=/dev/null --srcdir=.

## --------- ##
## Platform. ##
## --------- ##

hostname = herakles
uname -m = x86_64
uname -r = 3.2.0-4-amd64
uname -s = Linux
uname -v = #1 SMP Debian 3.2.51-1

/usr/bin/uname -p = unknown
/bin/uname -X     = unknown

/bin/arch              = unknown
/usr/bin/arch -k       = unknown
/usr/convex/getsysinfo = unknown
hostinfo               = unknown
/bin/machine           = unknown
/usr/bin/oslevel       = unknown
/bin/universe          = unknown

PATH: /usr/local/bin
PATH: /usr/bin
PATH: /bin
PATH: /usr/local/games
PATH: /usr/games


## ----------- ##
## Core tests. ##
## ----------- ##

configure:1277: configuring the SQUID library for your system.
configure:1362: checking for gcc
configure:1378: found /usr/bin/gcc
configure:1388: result: gcc
configure:1632: checking for C compiler version
configure:1635: gcc --version </dev/null >&5
gcc (Debian 4.7.2-5) 4.7.2
Copyright (C) 2012 Free Software Foundation, Inc.
This is free software; see the source for copying conditions.  There is NO
warranty; not even for MERCHANTABILITY or FITNESS FOR A PARTICULAR PURPOSE.

configure:1638: $? = 0
configure:1640: gcc -v </dev/null >&5
Using built-in specs.
COLLECT_GCC=gcc
COLLECT_LTO_WRAPPER=/usr/lib/gcc/x86_64-linux-gnu/4.7/lto-wrapper
Target: x86_64-linux-gnu
Configured with: ../src/configure -v --with-pkgversion='Debian 4.7.2-5' --with-bugurl=file:///usr/share/doc/gcc-4.7/README.Bugs --enable-languages=c,c++,go,fortran,objc,obj-c++ --prefix=/usr --program-suffix=-4.7 --enable-shared --enable-linker-build-id --with-system-zlib --libexecdir=/usr/lib --without-included-gettext --enable-threads=posix --with-gxx-include-dir=/usr/include/c++/4.7 --libdir=/usr/lib --enable-nls --with-sysroot=/ --enable-clocale=gnu --enable-libstdcxx-debug --enable-libstdcxx-time=yes --enable-gnu-unique-object --enable-plugin --enable-objc-gc --with-arch-32=i586 --with-tune=generic --enable-checking=release --build=x86_64-linux-gnu --host=x86_64-linux-gnu --target=x86_64-linux-gnu
Thread model: posix
gcc version 4.7.2 (Debian 4.7.2-5) 
configure:1643: $? = 0
configure:1645: gcc -V </dev/null >&5
gcc: error: unrecognized command line option '-V'
gcc: fatal error: no input files
compilation terminated.
configure:1648: $? = 4
configure:1672: checking for C compiler default output
configure:1675: gcc    conftest.c  >&5
configure:1678: $? = 0
configure:1724: result: a.out
configure:1729: checking whether the C compiler works
configure:1735: ./a.out
configure:1738: $? = 0
configure:1755: result: yes
configure:1762: checking whether we are cross compiling
configure:1764: result: no
configure:1767: checking for suffix of executables
configure:1769: gcc -o conftest    conftest.c  >&5
configure:1772: $? = 0
configure:1797: result: 
configure:1803: checking for suffix of object files
configure:1825: gcc -c   conftest.c >&5
configure:1828: $? = 0
configure:1850: result: o
configure:1854: checking whether we are using the GNU C compiler
configure:1879: gcc -c   conftest.c >&5
configure:1882: $? = 0
configure:1885: test -s conftest.o
configure:1888: $? = 0
configure:1901: result: yes
configure:1907: checking whether gcc accepts -g
configure:1929: gcc -c -g  conftest.c >&5
configure:1932: $? = 0
configure:1935: test -s conftest.o
configure:1938: $? = 0
configure:1949: result: yes
configure:1966: checking for gcc option to accept ANSI C
configure:2027: gcc  -c -g -O2  conftest.c >&5
configure:2030: $? = 0
configure:2033: test -s conftest.o
configure:2036: $? = 0
configure:2054: result: none needed
configure:2072: gcc -c -g -O2  conftest.c >&5
conftest.c:2:3: error: unknown type name 'choke'
conftest.c:2:3: error: expected '=', ',', ';', 'asm' or '__attribute__' at end of input
configure:2075: $? = 1
configure: failed program was:
| #ifndef __cplusplus
|   choke me
| #endif
configure:2225: checking for ranlib
configure:2241: found /usr/bin/ranlib
configure:2252: result: ranlib
configure:2266: checking for ar
configure:2285: found /usr/bin/ar
configure:2298: result: /usr/bin/ar
configure:2326: checking whether your make is GNU make
configure:2334: result: yes, it is.
configure:2349: checking whether byte ordering is bigendian
configure:2377: gcc -c -g -O2  conftest.c >&5
configure:2380: $? = 0
configure:2383: test -s conftest.o
configure:2386: $? = 0
configure:2411: gcc -c -g -O2  conftest.c >&5
configure: In function 'main':
configure:2408:2: error: unknown type name 'not'
configure:2408:10: error: expected '=', ',', ';', 'asm' or '__attribute__' before 'endian'
configure:2414: $? = 1
configure: failed program was:
| #line 2389 "configure"
| /* confdefs.h.  */
| 
| #define PACKAGE_NAME "SQUID"
| #define PACKAGE_TARNAME "squid"
| #define PACKAGE_VERSION "1.9g"
| #define PACKAGE_STRING "SQUID 1.9g"
| #define PACKAGE_BUGREPORT "eddy@genetics.wustl.edu"
| #define SQUID_DATE "January 2003"
| #define SQUID_COPYRIGHT "Copyright (C) 1992-2003 HHMI/Washington University School of Medicine"
| #define SQUID_LICENSE "Freely distributed under the GNU General Public License (GPL)"
| #define SQUID_VERSION "1.9g"
| /* end confdefs.h.  */
| #include <sys/types.h>
| #include <sys/param.h>
| 
| int
| main ()
| {
| #if BYTE_ORDER != BIG_ENDIAN
|  not big endian
| #endif
| 
|   ;
|   return 0;
| }
configure:2534: result: no
configure:2557: checking for ntohs
configure:2607: gcc -o conftest -g -O2   conftest.c  >&5
configure:2610: $? = 0
configure:2613: test -s conftest
configure:2616: $? = 0
configure:2627: result: yes
configure:2706: checking for ntohl
configure:2756: gcc -o conftest -g -O2   conftest.c  >&5
configure:2759: $? = 0
configure:2762: test -s conftest
configure:2765: $? = 0
configure:2776: result: yes
configure:2855: checking for htons
configure:2905: gcc -o conftest -g -O2   conftest.c  >&5
configure:2908: $? = 0
configure:2911: test -s conftest
configure:2914: $? = 0
configure:2925: result: yes
configure:3004: checking for htonl
configure:3054: gcc -o conftest -g -O2   conftest.c  >&5
configure:3057: $? = 0
configure:3060: test -s conftest
configure:3063: $? = 0
configure:3074: result: yes
configure:3155: checking how to run the C preprocessor
configure:3191: gcc -E  conftest.c
configure:3197: $? = 0
configure:3229: gcc -E  conftest.c
configure:3236:28: fatal error: ac_nonexistent.h: No such file or directory
compilation terminated.
configure:3235: $? = 1
configure: failed program was:
| #line 3220 "configure"
| /* confdefs.h.  */
| 
| #define PACKAGE_NAME "SQUID"
| #define PACKAGE_TARNAME "squid"
| #define PACKAGE_VERSION "1.9g"
| #define PACKAGE_STRING "SQUID 1.9g"
| #define PACKAGE_BUGREPORT "eddy@genetics.wustl.edu"
| #define SQUID_DATE "January 2003"
| #define SQUID_COPYRIGHT "Copyright (C) 1992-2003 HHMI/Washington University School of Medicine"
| #define SQUID_LICENSE "Freely distributed under the GNU General Public License (GPL)"
| #define SQUID_VERSION "1.9g"
| #define HAVE_NTOHS 1
| #define HAVE_NTOHL 1
| #define HAVE_HTONS 1
| #define HAVE_HTONL 1
| /* end confdefs.h.  */
| #include <ac_nonexistent.h>
configure:3273: result: gcc -E
configure:3298: gcc -E  conftest.c
configure:3304: $? = 0
configure:3336: gcc -E  conftest.c
configure:3343:28: fatal error: ac_nonexistent.h: No such file or directory
compilation terminated.
configure:3342: $? = 1
configure: failed program was:
| #line 3327 "configure"
| /* confdefs.h.  */
| 
| #define PACKAGE_NAME "SQUID"
| #define PACKAGE_TARNAME "squid"
| #define PACKAGE_VERSION "1.9g"
| #define PACKAGE_STRING "SQUID 1.9g"
| #define PACKAGE_BUGREPORT "eddy@genetics.wustl.edu"
| #define SQUID_DATE "January 2003"
| #define SQUID_COPYRIGHT "Copyright (C) 1992-2003 HHMI/Washington University School of Medicine"
| #define SQUID_LICENSE "Freely distributed under the GNU General Public License (GPL)"
| #define SQUID_VERSION "1.9g"
| #define HAVE_NTOHS 1
| #define HAVE_NTOHL 1
| #define HAVE_HTONS 1
| #define HAVE_HTONL 1
| /* end confdefs.h.  */
| #include <ac_nonexistent.h>
configure:3385: checking for egrep
configure:3395: result: grep -E
configure:3400: checking for ANSI C header files
configure:3426: gcc -c -g -O2  conftest.c >&5
configure:3429: $? = 0
configure:3432: test -s conftest.o
configure:3435: $? = 0
configure:3527: gcc -o conftest -g -O2   conftest.c  >&5
configure: In function 'main':
configure:3528:7: warning: incompatible implicit declaration of built-in function 'exit' [enabled by default]
configure:3530: $? = 0
configure:3532: ./conftest
configure:3535: $? = 0
configure:3550: result: yes
configure:3574: checking for sys/types.h
configure:3591: gcc -c -g -O2  conftest.c >&5
configure:3594: $? = 0
configure:3597: test -s conftest.o
configure:3600: $? = 0
configure:3611: result: yes
configure:3574: checking for sys/stat.h
configure:3591: gcc -c -g -O2  conftest.c >&5
configure:3594: $? = 0
configure:3597: test -s conftest.o
configure:3600: $? = 0
configure:3611: result: yes
configure:3574: checking for stdlib.h
configure:3591: gcc -c -g -O2  conftest.c >&5
configure:3594: $? = 0
configure:3597: test -s conftest.o
configure:3600: $? = 0
configure:3611: result: yes
configure:3574: checking for string.h
configure:3591: gcc -c -g -O2  conftest.c >&5
configure:3594: $? = 0
configure:3597: test -s conftest.o
configure:3600: $? = 0
configure:3611: result: yes
configure:3574: checking for memory.h
configure:3591: gcc -c -g -O2  conftest.c >&5
configure:3594: $? = 0
configure:3597: test -s conftest.o
configure:3600: $? = 0
configure:3611: result: yes
configure:3574: checking for strings.h
configure:3591: gcc -c -g -O2  conftest.c >&5
configure:3594: $? = 0
configure:3597: test -s conftest.o
configure:3600: $? = 0
configure:3611: result: yes
configure:3574: checking for inttypes.h
configure:3591: gcc -c -g -O2  conftest.c >&5
configure:3594: $? = 0
configure:3597: test -s conftest.o
configure:3600: $? = 0
configure:3611: result: yes
configure:3574: checking for stdint.h
configure:3591: gcc -c -g -O2  conftest.c >&5
configure:3594: $? = 0
configure:3597: test -s conftest.o
configure:3600: $? = 0
configure:3611: result: yes
configure:3574: checking for unistd.h
configure:3591: gcc -c -g -O2  conftest.c >&5
configure:3594: $? = 0
configure:3597: test -s conftest.o
configure:3600: $? = 0
configure:3611: result: yes
configure:3623: checking for unsigned short
configure:3648: gcc -c -g -O2  conftest.c >&5
configure:3651: $? = 0
configure:3654: test -s conftest.o
configure:3657: $? = 0
configure:3668: result: yes
configure:3671: checking size of unsigned short
configure:3946: gcc -o conftest -g -O2   conftest.c  >&5
configure:3949: $? = 0
configure:3951: ./conftest
configure:3954: $? = 0
configure:3977: result: 2
configure:3984: checking for unsigned int
configure:4009: gcc -c -g -O2  conftest.c >&5
configure:4012: $? = 0
configure:4015: test -s conftest.o
configure:4018: $? = 0
configure:4029: result: yes
configure:4032: checking size of unsigned int
configure:4307: gcc -o conftest -g -O2   conftest.c  >&5
configure:4310: $? = 0
configure:4312: ./conftest
configure:4315: $? = 0
configure:4338: result: 4
configure:4345: checking for unsigned long
configure:4370: gcc -c -g -O2  conftest.c >&5
configure:4373: $? = 0
configure:4376: test -s conftest.o
configure:4379: $? = 0
configure:4390: result: yes
configure:4393: checking size of unsigned long
configure:4668: gcc -o conftest -g -O2   conftest.c  >&5
configure:4671: $? = 0
configure:4673: ./conftest
configure:4676: $? = 0
configure:4699: result: 8
configure:4706: checking for unsigned long long
configure:4731: gcc -c -g -O2  conftest.c >&5
configure:4734: $? = 0
configure:4737: test -s conftest.o
configure:4740: $? = 0
configure:4751: result: yes
configure:4754: checking size of unsigned long long
configure:5029: gcc -o conftest -g -O2   conftest.c  >&5
configure:5032: $? = 0
configure:5034: ./conftest
configure:5037: $? = 0
configure:5060: result: 8
configure:5072: checking for strtoul
configure:5122: gcc -o conftest -g -O2   conftest.c  >&5
configure:5125: $? = 0
configure:5128: test -s conftest
configure:5131: $? = 0
configure:5142: result: yes
configure:5072: checking for strtoull
configure:5122: gcc -o conftest -g -O2   conftest.c  >&5
configure:5125: $? = 0
configure:5128: test -s conftest
configure:5131: $? = 0
configure:5142: result: yes
configure:5197: checking whether fpos_t is an arithmetic datatype
configure:5217: gcc -c -g -O2  conftest.c >&5
configure: In function 'main':
configure:5236:40: error: invalid operands to binary == (have 'fpos_t' and 'fpos_t')
configure:5236:50: error: incompatible types when assigning to type 'fpos_t' from type 'int'
configure:5220: $? = 1
configure: failed program was:
| #line 5200 "configure"
| /* confdefs.h.  */
| 
| #define PACKAGE_NAME "SQUID"
| #define PACKAGE_TARNAME "squid"
| #define PACKAGE_VERSION "1.9g"
| #define PACKAGE_STRING "SQUID 1.9g"
| #define PACKAGE_BUGREPORT "eddy@genetics.wustl.edu"
| #define SQUID_DATE "January 2003"
| #define SQUID_COPYRIGHT "Copyright (C) 1992-2003 HHMI/Washington University School of Medicine"
| #define SQUID_LICENSE "Freely distributed under the GNU General Public License (GPL)"
| #define SQUID_VERSION "1.9g"
| #define HAVE_NTOHS 1
| #define HAVE_NTOHL 1
| #define HAVE_HTONS 1
| #define HAVE_HTONL 1
| #define STDC_HEADERS 1
| #define HAVE_SYS_TYPES_H 1
| #define HAVE_SYS_STAT_H 1
| #define HAVE_STDLIB_H 1
| #define HAVE_STRING_H 1
| #define HAVE_MEMORY_H 1
| #define HAVE_STRINGS_H 1
| #define HAVE_INTTYPES_H 1
| #define HAVE_STDINT_H 1
| #define HAVE_UNISTD_H 1
| #define SIZEOF_UNSIGNED_SHORT 2
| #define SIZEOF_UNSIGNED_INT 4
| #define SIZEOF_UNSIGNED_LONG 8
| #define SIZEOF_UNSIGNED_LONG_LONG 8
| #define HAVE_STRTOUL 1
| #define HAVE_STRTOULL 1
| /* end confdefs.h.  */
| #include <stdio.h>
| int
| main ()
| {
| int main(void) { fpos_t f1, f2; if (f1 == f2) f1 = 0;}
|   ;
|   return 0;
| }
configure:5239: result: no.
configure:5252: checking for strtoull
configure:5322: result: yes
configure:5337: checking for ftello
configure:5387: gcc -o conftest -g -O2   conftest.c  >&5
configure:5390: $? = 0
configure:5393: test -s conftest
configure:5396: $? = 0
configure:5407: result: yes
configure:5337: checking for fseeko
configure:5387: gcc -o conftest -g -O2   conftest.c  >&5
configure:5390: $? = 0
configure:5393: test -s conftest
configure:5396: $? = 0
configure:5407: result: yes
configure:5422: checking for ftello64
configure:5472: gcc -o conftest -g -O2   conftest.c  >&5
configure:5475: $? = 0
configure:5478: test -s conftest
configure:5481: $? = 0
configure:5492: result: yes
configure:5422: checking for fseeko64
configure:5472: gcc -o conftest -g -O2   conftest.c  >&5
configure:5475: $? = 0
configure:5478: test -s conftest
configure:5481: $? = 0
configure:5492: result: yes
configure:5507: checking for ftell64
configure:5557: gcc -o conftest -g -O2   conftest.c  >&5
/tmp/ccmf4sc5.o:(.data+0x0): undefined reference to `ftell64'
/tmp/ccmf4sc5.o: In function `main':
/net/metagenomics/projects/cami_2014/02_otu_clustering/trunk/tools/hmmer-2.3.2/squid/configure:5581: undefined reference to `ftell64'
collect2: error: ld returned 1 exit status
configure:5560: $? = 1
configure: failed program was:
| #line 5512 "configure"
| /* confdefs.h.  */
| 
| #define PACKAGE_NAME "SQUID"
| #define PACKAGE_TARNAME "squid"
| #define PACKAGE_VERSION "1.9g"
| #define PACKAGE_STRING "SQUID 1.9g"
| #define PACKAGE_BUGREPORT "eddy@genetics.wustl.edu"
| #define SQUID_DATE "January 2003"
| #define SQUID_COPYRIGHT "Copyright (C) 1992-2003 HHMI/Washington University School of Medicine"
| #define SQUID_LICENSE "Freely distributed under the GNU General Public License (GPL)"
| #define SQUID_VERSION "1.9g"
| #define HAVE_NTOHS 1
| #define HAVE_NTOHL 1
| #define HAVE_HTONS 1
| #define HAVE_HTONL 1
| #define STDC_HEADERS 1
| #define HAVE_SYS_TYPES_H 1
| #define HAVE_SYS_STAT_H 1
| #define HAVE_STDLIB_H 1
| #define HAVE_STRING_H 1
| #define HAVE_MEMORY_H 1
| #define HAVE_STRINGS_H 1
| #define HAVE_INTTYPES_H 1
| #define HAVE_STDINT_H 1
| #define HAVE_UNISTD_H 1
| #define SIZEOF_UNSIGNED_SHORT 2
| #define SIZEOF_UNSIGNED_INT 4
| #define SIZEOF_UNSIGNED_LONG 8
| #define SIZEOF_UNSIGNED_LONG_LONG 8
| #define HAVE_STRTOUL 1
| #define HAVE_STRTOULL 1
| #define HAVE_STRTOULL 1
| #define HAVE_FTELLO 1
| #define HAVE_FSEEKO 1
| #define HAVE_FTELLO64 1
| #define HAVE_FSEEKO64 1
| /* end confdefs.h.  */
| /* System header to define __stub macros and hopefully few prototypes,
|     which can conflict with char ftell64 (); below.
|     Prefer <limits.h> to <assert.h> if __STDC__ is defined, since
|     <limits.h> exists even on freestanding compilers.  */
| #ifdef __STDC__
| # include <limits.h>
| #else
| # include <assert.h>
| #endif
| /* Override any gcc2 internal prototype to avoid an error.  */
| #ifdef __cplusplus
| extern "C"
| {
| #endif
| /* We use char because int might match the return type of a gcc2
|    builtin and then its argument prototype would still apply.  */
| char ftell64 ();
| /* The GNU C library defines this for functions which it implements
|     to always fail with ENOSYS.  Some functions are actually named
|     something starting with __ and the normal name is an alias.  */
| #if defined (__stub_ftell64) || defined (__stub___ftell64)
| choke me
| #else
| char (*f) () = ftell64;
| #endif
| #ifdef __cplusplus
| }
| #endif
| 
| int
| main ()
| {
| return f != ftell64;
|   ;
|   return 0;
| }
configure:5577: result: no
configure:5507: checking for fseek64
configure:5557: gcc -o conftest -g -O2   conftest.c  >&5
/tmp/ccHSvEca.o:(.data+0x0): undefined reference to `fseek64'
/tmp/ccHSvEca.o: In function `main':
/net/metagenomics/projects/cami_2014/02_otu_clustering/trunk/tools/hmmer-2.3.2/squid/configure:5581: undefined reference to `fseek64'
collect2: error: ld returned 1 exit status
configure:5560: $? = 1
configure: failed program was:
| #line 5512 "configure"
| /* confdefs.h.  */
| 
| #define PACKAGE_NAME "SQUID"
| #define PACKAGE_TARNAME "squid"
| #define PACKAGE_VERSION "1.9g"
| #define PACKAGE_STRING "SQUID 1.9g"
| #define PACKAGE_BUGREPORT "eddy@genetics.wustl.edu"
| #define SQUID_DATE "January 2003"
| #define SQUID_COPYRIGHT "Copyright (C) 1992-2003 HHMI/Washington University School of Medicine"
| #define SQUID_LICENSE "Freely distributed under the GNU General Public License (GPL)"
| #define SQUID_VERSION "1.9g"
| #define HAVE_NTOHS 1
| #define HAVE_NTOHL 1
| #define HAVE_HTONS 1
| #define HAVE_HTONL 1
| #define STDC_HEADERS 1
| #define HAVE_SYS_TYPES_H 1
| #define HAVE_SYS_STAT_H 1
| #define HAVE_STDLIB_H 1
| #define HAVE_STRING_H 1
| #define HAVE_MEMORY_H 1
| #define HAVE_STRINGS_H 1
| #define HAVE_INTTYPES_H 1
| #define HAVE_STDINT_H 1
| #define HAVE_UNISTD_H 1
| #define SIZEOF_UNSIGNED_SHORT 2
| #define SIZEOF_UNSIGNED_INT 4
| #define SIZEOF_UNSIGNED_LONG 8
| #define SIZEOF_UNSIGNED_LONG_LONG 8
| #define HAVE_STRTOUL 1
| #define HAVE_STRTOULL 1
| #define HAVE_STRTOULL 1
| #define HAVE_FTELLO 1
| #define HAVE_FSEEKO 1
| #define HAVE_FTELLO64 1
| #define HAVE_FSEEKO64 1
| /* end confdefs.h.  */
| /* System header to define __stub macros and hopefully few prototypes,
|     which can conflict with char fseek64 (); below.
|     Prefer <limits.h> to <assert.h> if __STDC__ is defined, since
|     <limits.h> exists even on freestanding compilers.  */
| #ifdef __STDC__
| # include <limits.h>
| #else
| # include <assert.h>
| #endif
| /* Override any gcc2 internal prototype to avoid an error.  */
| #ifdef __cplusplus
| extern "C"
| {
| #endif
| /* We use char because int might match the return type of a gcc2
|    builtin and then its argument prototype would still apply.  */
| char fseek64 ();
| /* The GNU C library defines this for functions which it implements
|     to always fail with ENOSYS.  Some functions are actually named
|     something starting with __ and the normal name is an alias.  */
| #if defined (__stub_fseek64) || defined (__stub___fseek64)
| choke me
| #else
| char (*f) () = fseek64;
| #endif
| #ifdef __cplusplus
| }
| #endif
| 
| int
| main ()
| {
| return f != fseek64;
|   ;
|   return 0;
| }
configure:5577: result: no
configure:5587: checking for stat64
configure:5637: gcc -o conftest -g -O2   conftest.c  >&5
configure:5640: $? = 0
configure:5643: test -s conftest
configure:5646: $? = 0
configure:5657: result: yes
configure:5660: checking for struct stat64
configure:5682: gcc -c -g -O2  conftest.c >&5
configure: In function 'main':
configure:5706:32: error: storage size of 's1' isn't known
configure:5685: $? = 1
configure: failed program was:
| #line 5663 "configure"
| /* confdefs.h.  */
| 
| #define PACKAGE_NAME "SQUID"
| #define PACKAGE_TARNAME "squid"
| #define PACKAGE_VERSION "1.9g"
| #define PACKAGE_STRING "SQUID 1.9g"
| #define PACKAGE_BUGREPORT "eddy@genetics.wustl.edu"
| #define SQUID_DATE "January 2003"
| #define SQUID_COPYRIGHT "Copyright (C) 1992-2003 HHMI/Washington University School of Medicine"
| #define SQUID_LICENSE "Freely distributed under the GNU General Public License (GPL)"
| #define SQUID_VERSION "1.9g"
| #define HAVE_NTOHS 1
| #define HAVE_NTOHL 1
| #define HAVE_HTONS 1
| #define HAVE_HTONL 1
| #define STDC_HEADERS 1
| #define HAVE_SYS_TYPES_H 1
| #define HAVE_SYS_STAT_H 1
| #define HAVE_STDLIB_H 1
| #define HAVE_STRING_H 1
| #define HAVE_MEMORY_H 1
| #define HAVE_STRINGS_H 1
| #define HAVE_INTTYPES_H 1
| #define HAVE_STDINT_H 1
| #define HAVE_UNISTD_H 1
| #define SIZEOF_UNSIGNED_SHORT 2
| #define SIZEOF_UNSIGNED_INT 4
| #define SIZEOF_UNSIGNED_LONG 8
| #define SIZEOF_UNSIGNED_LONG_LONG 8
| #define HAVE_STRTOUL 1
| #define HAVE_STRTOULL 1
| #define HAVE_STRTOULL 1
| #define HAVE_FTELLO 1
| #define HAVE_FSEEKO 1
| #define HAVE_FTELLO64 1
| #define HAVE_FSEEKO64 1
| /* end confdefs.h.  */
| #include <sys/types.h>
|                     #include <sys/stat.h>
|                     #include <unistd.h>
| int
| main ()
| {
| int main(void) { struct stat64 s1;}
|   ;
|   return 0;
| }
configure:5704: result: no!
configure:5709: checking for off_t
configure:5734: gcc -c -g -O2  conftest.c >&5
configure:5737: $? = 0
configure:5740: test -s conftest.o
configure:5743: $? = 0
configure:5754: result: yes
configure:5757: checking size of off_t
configure:6032: gcc -o conftest -g -O2   conftest.c  >&5
configure:6035: $? = 0
configure:6037: ./conftest
configure:6040: $? = 0
configure:6063: result: 8
configure:6070: checking for off64_t
configure:6095: gcc -c -g -O2  conftest.c >&5
configure: In function 'main':
configure:6150:6: error: 'off64_t' undeclared (first use in this function)
configure:6150:6: note: each undeclared identifier is reported only once for each function it appears in
configure:6150:15: error: expected expression before ')' token
configure:6098: $? = 1
configure: failed program was:
| #line 6075 "configure"
| /* confdefs.h.  */
| 
| #define PACKAGE_NAME "SQUID"
| #define PACKAGE_TARNAME "squid"
| #define PACKAGE_VERSION "1.9g"
| #define PACKAGE_STRING "SQUID 1.9g"
| #define PACKAGE_BUGREPORT "eddy@genetics.wustl.edu"
| #define SQUID_DATE "January 2003"
| #define SQUID_COPYRIGHT "Copyright (C) 1992-2003 HHMI/Washington University School of Medicine"
| #define SQUID_LICENSE "Freely distributed under the GNU General Public License (GPL)"
| #define SQUID_VERSION "1.9g"
| #define HAVE_NTOHS 1
| #define HAVE_NTOHL 1
| #define HAVE_HTONS 1
| #define HAVE_HTONL 1
| #define STDC_HEADERS 1
| #define HAVE_SYS_TYPES_H 1
| #define HAVE_SYS_STAT_H 1
| #define HAVE_STDLIB_H 1
| #define HAVE_STRING_H 1
| #define HAVE_MEMORY_H 1
| #define HAVE_STRINGS_H 1
| #define HAVE_INTTYPES_H 1
| #define HAVE_STDINT_H 1
| #define HAVE_UNISTD_H 1
| #define SIZEOF_UNSIGNED_SHORT 2
| #define SIZEOF_UNSIGNED_INT 4
| #define SIZEOF_UNSIGNED_LONG 8
| #define SIZEOF_UNSIGNED_LONG_LONG 8
| #define HAVE_STRTOUL 1
| #define HAVE_STRTOULL 1
| #define HAVE_STRTOULL 1
| #define HAVE_FTELLO 1
| #define HAVE_FSEEKO 1
| #define HAVE_FTELLO64 1
| #define HAVE_FSEEKO64 1
| #define SIZEOF_OFF_T 8
| /* end confdefs.h.  */
| #include <stdio.h>
| #if HAVE_SYS_TYPES_H
| # include <sys/types.h>
| #endif
| #if HAVE_SYS_STAT_H
| # include <sys/stat.h>
| #endif
| #if STDC_HEADERS
| # include <stdlib.h>
| # include <stddef.h>
| #else
| # if HAVE_STDLIB_H
| #  include <stdlib.h>
| # endif
| #endif
| #if HAVE_STRING_H
| # if !STDC_HEADERS && HAVE_MEMORY_H
| #  include <memory.h>
| # endif
| # include <string.h>
| #endif
| #if HAVE_STRINGS_H
| # include <strings.h>
| #endif
| #if HAVE_INTTYPES_H
| # include <inttypes.h>
| #else
| # if HAVE_STDINT_H
| #  include <stdint.h>
| # endif
| #endif
| #if HAVE_UNISTD_H
| # include <unistd.h>
| #endif
| int
| main ()
| {
| if ((off64_t *) 0)
|   return 0;
| if (sizeof (off64_t))
|   return 0;
|   ;
|   return 0;
| }
configure:6115: result: no
configure:6118: checking size of off64_t
configure:6424: result: 0
configure:6431: checking for fpos_t
configure:6456: gcc -c -g -O2  conftest.c >&5
configure:6459: $? = 0
configure:6462: test -s conftest.o
configure:6465: $? = 0
configure:6476: result: yes
configure:6479: checking size of fpos_t
configure:6754: gcc -o conftest -g -O2   conftest.c  >&5
configure:6757: $? = 0
configure:6759: ./conftest
configure:6762: $? = 0
configure:6785: result: 16
configure:7046: creating ./config.status

## ---------------------- ##
## Running config.status. ##
## ---------------------- ##

This file was extended by SQUID config.status 1.9g, which was
generated by GNU Autoconf 2.57.  Invocation command line was

  CONFIG_FILES    = 
  CONFIG_HEADERS  = 
  CONFIG_LINKS    = 
  CONFIG_COMMANDS = 
  $ ./config.status 

on herakles

config.status:625: creating Makefile
config.status:625: creating Testsuite/Makefile
config.status:625: creating squid.h
config.status:728: creating squidconf.h

## ---------------- ##
## Cache variables. ##
## ---------------- ##

ac_cv_c_bigendian=no
ac_cv_c_compiler_gnu=yes
ac_cv_env_CC_set=
ac_cv_env_CC_value=
ac_cv_env_CFLAGS_set=
ac_cv_env_CFLAGS_value=
ac_cv_env_CPPFLAGS_set=
ac_cv_env_CPPFLAGS_value=
ac_cv_env_CPP_set=
ac_cv_env_CPP_value=
ac_cv_env_LDFLAGS_set=
ac_cv_env_LDFLAGS_value=
ac_cv_env_build_alias_set=
ac_cv_env_build_alias_value=
ac_cv_env_host_alias_set=
ac_cv_env_host_alias_value=
ac_cv_env_target_alias_set=
ac_cv_env_target_alias_value=
ac_cv_exeext=
ac_cv_func_fseek64=no
ac_cv_func_fseeko=yes
ac_cv_func_fseeko64=yes
ac_cv_func_ftell64=no
ac_cv_func_ftello=yes
ac_cv_func_ftello64=yes
ac_cv_func_htonl=yes
ac_cv_func_htons=yes
ac_cv_func_ntohl=yes
ac_cv_func_ntohs=yes
ac_cv_func_stat64=yes
ac_cv_func_strtoul=yes
ac_cv_func_strtoull=yes
ac_cv_header_inttypes_h=yes
ac_cv_header_memory_h=yes
ac_cv_header_stdc=yes
ac_cv_header_stdint_h=yes
ac_cv_header_stdlib_h=yes
ac_cv_header_string_h=yes
ac_cv_header_strings_h=yes
ac_cv_header_sys_stat_h=yes
ac_cv_header_sys_types_h=yes
ac_cv_header_unistd_h=yes
ac_cv_objext=o
ac_cv_path_AR=/usr/bin/ar
ac_cv_prog_CPP='gcc -E'
ac_cv_prog_ac_ct_CC=gcc
ac_cv_prog_ac_ct_RANLIB=ranlib
ac_cv_prog_cc_g=yes
ac_cv_prog_cc_stdc=
ac_cv_prog_egrep='grep -E'
ac_cv_sizeof_fpos_t=16
ac_cv_sizeof_off64_t=0
ac_cv_sizeof_off_t=8
ac_cv_sizeof_unsigned_int=4
ac_cv_sizeof_unsigned_long=8
ac_cv_sizeof_unsigned_long_long=8
ac_cv_sizeof_unsigned_short=2
ac_cv_type_fpos_t=yes
ac_cv_type_off64_t=no
ac_cv_type_off_t=yes
ac_cv_type_unsigned_int=yes
ac_cv_type_unsigned_long=yes
ac_cv_type_unsigned_long_long=yes
ac_cv_type_unsigned_short=yes

## ----------------- ##
## Output variables. ##
## ----------------- ##

AR='/usr/bin/ar'
CC='gcc'
CFLAGS='-g -O2'
CPP='gcc -E'
CPPFLAGS=''
DEFS='-DHAVE_CONFIG_H'
ECHO_C=''
ECHO_N='-n'
ECHO_T=''
EGREP='grep -E'
EXEC_DEPENDENCY='%: %_main.o'
EXEEXT=''
LDFLAGS=''
LIBOBJS=''
LIBS=''
LTLIBOBJS=''
OBJEXT='o'
PACKAGE_BUGREPORT='eddy@genetics.wustl.edu'
PACKAGE_NAME='SQUID'
PACKAGE_STRING='SQUID 1.9g'
PACKAGE_TARNAME='squid'
PACKAGE_VERSION='1.9g'
PATH_SEPARATOR=':'
PVMINCDIR=''
PVMLIBDIR=''
PVMLIBS=''
RANLIB='ranlib'
SHELL='/bin/bash'
SQD_UINT16='unsigned short    '
SQD_UINT32='unsigned int      '
SQD_UINT64='unsigned long     '
SQUID_COPYRIGHT='Copyright (C) 1992-2003 HHMI/Washington University School of Medicine'
SQUID_DATE='January 2003'
SQUID_LICENSE='Freely distributed under the GNU General Public License (GPL)'
SQUID_LICENSETAG='gnu'
SQUID_RELCODE='squid1_9g'
SQUID_VERSION='1.9g'
ac_ct_CC='gcc'
ac_ct_RANLIB='ranlib'
bindir='${exec_prefix}/bin'
build_alias=''
datadir='${prefix}/share'
exec_prefix='${prefix}'
host_alias=''
includedir='${prefix}/include'
infodir='${prefix}/info'
libdir='${exec_prefix}/lib'
libexecdir='${exec_prefix}/libexec'
localstatedir='${prefix}/var'
mandir='${prefix}/man'
oldincludedir='/usr/include'
prefix='/usr/local'
program_transform_name='s,x,x,'
sbindir='${exec_prefix}/sbin'
sharedstatedir='${prefix}/com'
sysconfdir='${prefix}/etc'
target_alias=''

## ----------- ##
## confdefs.h. ##
## ----------- ##

#define HAVE_FSEEKO 1
#define HAVE_FSEEKO64 1
#define HAVE_FTELLO 1
#define HAVE_FTELLO64 1
#define HAVE_HTONL 1
#define HAVE_HTONS 1
#define HAVE_INTTYPES_H 1
#define HAVE_MEMORY_H 1
#define HAVE_NTOHL 1
#define HAVE_NTOHS 1
#define HAVE_STDINT_H 1
#define HAVE_STDLIB_H 1
#define HAVE_STRINGS_H 1
#define HAVE_STRING_H 1
#define HAVE_STRTOUL 1
#define HAVE_STRTOULL 1
#define HAVE_STRTOULL 1
#define HAVE_SYS_STAT_H 1
#define HAVE_SYS_TYPES_H 1
#define HAVE_UNISTD_H 1
#define PACKAGE_BUGREPORT "eddy@genetics.wustl.edu"
#define PACKAGE_NAME "SQUID"
#define PACKAGE_STRING "SQUID 1.9g"
#define PACKAGE_TARNAME "squid"
#define PACKAGE_VERSION "1.9g"
#define SIZEOF_FPOS_T 16
#define SIZEOF_OFF64_T 0
#define SIZEOF_OFF_T 8
#define SIZEOF_UNSIGNED_INT 4
#define SIZEOF_UNSIGNED_LONG 8
#define SIZEOF_UNSIGNED_LONG_LONG 8
#define SIZEOF_UNSIGNED_SHORT 2
#define SQUID_COPYRIGHT "Copyright (C) 1992-2003 HHMI/Washington University School of Medicine"
#define SQUID_DATE "January 2003"
#define SQUID_LICENSE "Freely distributed under the GNU General Public License (GPL)"
#define SQUID_VERSION "1.9g"
#define STDC_HEADERS 1

configure: exit 0
